<?xml version="1.0" encoding="UTF-8"?>
<testsuite xmlns:xsi="http://www.w3.org/2001/XMLSchema-instance" xsi:noNamespaceSchemaLocation="https://maven.apache.org/surefire/maven-surefire-plugin/xsd/surefire-test-report.xsd" name="htron.AppTest" time="4.114" tests="2" errors="1" skipped="0" failures="0">
  <properties>
[...]
</properties>
  <testcase name="shouldAnswerWithTrue" classname="htron.AppTest" time="0.002"/>
  <testcase name="appOpens" classname="htron.AppTest" time="4.057">
    <error type="java.lang.NullPointerException">java.lang.NullPointerException
	at htron.AppTest.appOpens(AppTest.java:23)
</error>
    <system-out><![CDATA[/Users/hectorwilliams/Dev/simply-apps/simply-apps-maven/target/test-classes	temp
/Users/hectorwilliams/Dev/simply-apps/simply-apps-maven/target/test-classes/assets/Weather/temp.png
/Users/hectorwilliams/Dev/simply-apps/simply-apps-maven/target/test-classes	humid
/Users/hectorwilliams/Dev/simply-apps/simply-apps-maven/target/test-classes/assets/Weather/humid.png
/Users/hectorwilliams/Dev/simply-apps/simply-apps-maven/target/test-classes	percip
/Users/hectorwilliams/Dev/simply-apps/simply-apps-maven/target/test-classes/assets/Weather/percip.png
/Users/hectorwilliams/Dev/simply-apps/simply-apps-maven/target/test-classes	wind
/Users/hectorwilliams/Dev/simply-apps/simply-apps-maven/target/test-classes/assets/Weather/wind.png
/Users/hectorwilliams/Dev/simply-apps/simply-apps-maven/target/test-classes	cloud
/Users/hectorwilliams/Dev/simply-apps/simply-apps-maven/target/test-classes/assets/Weather/cloud.png
/Users/hectorwilliams/Dev/simply-apps/simply-apps-maven/target/test-classes	pressure
/Users/hectorwilliams/Dev/simply-apps/simply-apps-maven/target/test-classes/assets/Weather/pressure.png
]]></system-out>
  </testcase>
</testsuite>